---------- Date: 2015-02-23 17:32:23 ~ IP : 127.0.0.1 ----------
REQUEST URI : /~reebonzindonesia/opencart-1.5.6.1/upload/
MOD DETAILS:
   modFile   : /Users/reebonzindonesia/Sites/opencart-1.5.6.1/upload/vqmod/xml/hide-cart-button.xml
   id        : Hide Cart Button
   version   : 1.0
   vqmver    : 1.0.8
   author    : Ariel Orozco

File Name    : catalog/view/theme/*/template/module/featured.tpl(0)
VQModObject::applyMod - SEARCH NOT FOUND (ABORTING MOD): <div class="cart"><input type="button" value="<?php echo $button_cart; ?>" onclick="addToCart('<?php echo $product['product_id']; ?>');" class="button" /></div>

----------------------------------------------------------------------


---------- Date: 2015-02-23 17:35:28 ~ IP : 127.0.0.1 ----------
REQUEST URI : /~reebonzindonesia/opencart-1.5.6.1/upload/
MOD DETAILS:
   modFile   : /Users/reebonzindonesia/Sites/opencart-1.5.6.1/upload/vqmod/xml/hide-cart-button.xml
   id        : Hide Cart Button
   version   : 1.0
   vqmver    : 1.0.8
   author    : Ariel Orozco

File Name    : catalog/view/theme/*/template/module/featured.tpl(0)
VQModObject::applyMod - SEARCH NOT FOUND (ABORTING MOD): <div class="cart"><input type="button" value="<?php echo $button_cart; ?>" onclick="addToCart('<?php echo $product['product_id']; ?>');" class="button" /></div>

----------------------------------------------------------------------


---------- Date: 2015-02-23 17:35:31 ~ IP : 127.0.0.1 ----------
REQUEST URI : /~reebonzindonesia/opencart-1.5.6.1/upload/
MOD DETAILS:
   modFile   : /Users/reebonzindonesia/Sites/opencart-1.5.6.1/upload/vqmod/xml/hide-cart-button.xml
   id        : Hide Cart Button
   version   : 1.0
   vqmver    : 1.0.8
   author    : Ariel Orozco

File Name    : catalog/view/theme/*/template/module/featured.tpl(0)
VQModObject::applyMod - SEARCH NOT FOUND (ABORTING MOD): <div class="cart"><input type="button" value="<?php echo $button_cart; ?>" onclick="addToCart('<?php echo $product['product_id']; ?>');" class="button" /></div>

----------------------------------------------------------------------


---------- Date: 2015-02-23 17:36:25 ~ IP : 127.0.0.1 ----------
REQUEST URI : /~reebonzindonesia/opencart-1.5.6.1/upload/
MOD DETAILS:
   modFile   : /Users/reebonzindonesia/Sites/opencart-1.5.6.1/upload/vqmod/xml/hide-cart-button.xml
   id        : Hide Cart Button
   version   : 1.0
   vqmver    : 1.0.8
   author    : Ariel Orozco

File Name    : catalog/view/theme/*/template/module/featured.tpl(0)
VQModObject::applyMod - SEARCH NOT FOUND (ABORTING MOD): <div class="cart"><input type="button" value="<?php echo $button_cart; ?>" onclick="addToCart('<?php echo $product['product_id']; ?>');" class="button" /></div>

----------------------------------------------------------------------


---------- Date: 2015-02-23 17:36:26 ~ IP : 127.0.0.1 ----------
REQUEST URI : /~reebonzindonesia/opencart-1.5.6.1/upload/
MOD DETAILS:
   modFile   : /Users/reebonzindonesia/Sites/opencart-1.5.6.1/upload/vqmod/xml/hide-cart-button.xml
   id        : Hide Cart Button
   version   : 1.0
   vqmver    : 1.0.8
   author    : Ariel Orozco

File Name    : catalog/view/theme/*/template/module/featured.tpl(0)
VQModObject::applyMod - SEARCH NOT FOUND (ABORTING MOD): <div class="cart"><input type="button" value="<?php echo $button_cart; ?>" onclick="addToCart('<?php echo $product['product_id']; ?>');" class="button" /></div>

----------------------------------------------------------------------


---------- Date: 2015-02-23 17:40:38 ~ IP : ::1 ----------
REQUEST URI : /~reebonzindonesia/opencart-1.5.6.1/upload/
MOD DETAILS:
   modFile   : /Users/reebonzindonesia/Sites/opencart-1.5.6.1/upload/vqmod/xml/hide-cart-button.xml
   id        : Hide Cart Button
   version   : 1.0
   vqmver    : 1.0.8
   author    : Ariel Orozco

File Name    : catalog/view/theme/*/template/module/featured.tpl(0)
VQModObject::applyMod - SEARCH NOT FOUND (ABORTING MOD): <div class="cart"><input type="button" value="<?php echo $button_cart; ?>" onclick="addToCart('<?php echo $product['product_id']; ?>');" class="button" /></div>

----------------------------------------------------------------------


---------- Date: 2015-02-23 17:44:21 ~ IP : 127.0.0.1 ----------
REQUEST URI : /~reebonzindonesia/opencart-1.5.6.1/upload/index.php?route=account/register
MOD DETAILS:
   modFile   : /Users/reebonzindonesia/Sites/opencart-1.5.6.1/upload/vqmod/xml/Remove-Wishlist-Link-From-Header.xml
   id        : Remove Wishlist Link From Header
   version   : 1.0
   vqmver    : 2.5.0
   author    : keyz

File Name    : catalog/view/theme/*/template/common/header.tpl(0)
VQModObject::applyMod - SEARCH NOT FOUND (SKIPPED): <div class="links"><a href="<?php echo $home; ?>"><?php echo $text_home; ?></a><a href="<?php echo $wishlist; ?>" id="wishlist-total"><?php echo $text_wishlist; ?></a><a href="<?php echo $account; ?>"><?php echo $text_account; ?></a><a href="<?php echo $shopping_cart; ?>"><?php echo $text_shopping_cart; ?></a><a href="<?php echo $checkout; ?>"><?php echo $text_checkout; ?></a></div>

        
        <?php echo $cart; ?>
----------------------------------------------------------------------


---------- Date: 2015-02-23 17:44:26 ~ IP : 127.0.0.1 ----------
REQUEST URI : /~reebonzindonesia/opencart-1.5.6.1/upload/index.php?route=account/register
MOD DETAILS:
   modFile   : /Users/reebonzindonesia/Sites/opencart-1.5.6.1/upload/vqmod/xml/Remove-Wishlist-Link-From-Header.xml
   id        : Remove Wishlist Link From Header
   version   : 1.0
   vqmver    : 2.5.0
   author    : keyz

File Name    : catalog/view/theme/*/template/common/header.tpl(0)
VQModObject::applyMod - SEARCH NOT FOUND (SKIPPED): <div class="links"><a href="<?php echo $home; ?>"><?php echo $text_home; ?></a><a href="<?php echo $wishlist; ?>" id="wishlist-total"><?php echo $text_wishlist; ?></a><a href="<?php echo $account; ?>"><?php echo $text_account; ?></a><a href="<?php echo $shopping_cart; ?>"><?php echo $text_shopping_cart; ?></a><a href="<?php echo $checkout; ?>"><?php echo $text_checkout; ?></a></div>

        
        <?php echo $cart; ?>
----------------------------------------------------------------------


---------- Date: 2015-02-23 17:44:34 ~ IP : ::1 ----------
REQUEST URI : /~reebonzindonesia/opencart-1.5.6.1/upload/
MOD DETAILS:
   modFile   : /Users/reebonzindonesia/Sites/opencart-1.5.6.1/upload/vqmod/xml/hide-cart-button.xml
   id        : Hide Cart Button
   version   : 1.0
   vqmver    : 1.0.8
   author    : Ariel Orozco

File Name    : catalog/view/theme/*/template/module/featured.tpl(0)
VQModObject::applyMod - SEARCH NOT FOUND (ABORTING MOD): <div class="cart"><input type="button" value="<?php echo $button_cart; ?>" onclick="addToCart('<?php echo $product['product_id']; ?>');" class="button" /></div>
MOD DETAILS:
   modFile   : /Users/reebonzindonesia/Sites/opencart-1.5.6.1/upload/vqmod/xml/Remove-Wishlist-Link-From-Header.xml
   id        : Remove Wishlist Link From Header
   version   : 1.0
   vqmver    : 2.5.0
   author    : keyz

File Name    : catalog/view/theme/*/template/common/header.tpl(0)
VQModObject::applyMod - SEARCH NOT FOUND (SKIPPED): <div class="links"><a href="<?php echo $home; ?>"><?php echo $text_home; ?></a><a href="<?php echo $wishlist; ?>" id="wishlist-total"><?php echo $text_wishlist; ?></a><a href="<?php echo $account; ?>"><?php echo $text_account; ?></a><a href="<?php echo $shopping_cart; ?>"><?php echo $text_shopping_cart; ?></a><a href="<?php echo $checkout; ?>"><?php echo $text_checkout; ?></a></div>

        
        <?php echo $cart; ?>
----------------------------------------------------------------------


---------- Date: 2015-02-23 17:45:25 ~ IP : ::1 ----------
REQUEST URI : /~reebonzindonesia/opencart-1.5.6.1/upload/
MOD DETAILS:
   modFile   : /Users/reebonzindonesia/Sites/opencart-1.5.6.1/upload/vqmod/xml/hide-cart-button.xml
   id        : Hide Cart Button
   version   : 1.0
   vqmver    : 1.0.8
   author    : Ariel Orozco

File Name    : catalog/view/theme/*/template/module/featured.tpl(0)
VQModObject::applyMod - SEARCH NOT FOUND (ABORTING MOD): <div class="cart"><input type="button" value="<?php echo $button_cart; ?>" onclick="addToCart('<?php echo $product['product_id']; ?>');" class="button" /></div>
MOD DETAILS:
   modFile   : /Users/reebonzindonesia/Sites/opencart-1.5.6.1/upload/vqmod/xml/Remove-Wishlist-Link-From-Header.xml
   id        : Remove Wishlist Link From Header
   version   : 1.0
   vqmver    : 2.5.0
   author    : keyz

File Name    : catalog/view/theme/*/template/common/header.tpl(0)
VQModObject::applyMod - SEARCH NOT FOUND (SKIPPED): <div class="links"><a href="<?php echo $home; ?>"><?php echo $text_home; ?></a><a href="<?php echo $wishlist; ?>" id="wishlist-total"><?php echo $text_wishlist; ?></a><a href="<?php echo $account; ?>"><?php echo $text_account; ?></a><a href="<?php echo $shopping_cart; ?>"><?php echo $text_shopping_cart; ?></a><a href="<?php echo $checkout; ?>"><?php echo $text_checkout; ?></a></div><?php echo $cart; ?>
----------------------------------------------------------------------


---------- Date: 2015-02-23 17:46:03 ~ IP : 127.0.0.1 ----------
REQUEST URI : /~reebonzindonesia/opencart-1.5.6.1/upload/
MOD DETAILS:
   modFile   : /Users/reebonzindonesia/Sites/opencart-1.5.6.1/upload/vqmod/xml/hide-cart-button.xml
   id        : Hide Cart Button
   version   : 1.0
   vqmver    : 1.0.8
   author    : Ariel Orozco

File Name    : catalog/view/theme/*/template/module/featured.tpl(0)
VQModObject::applyMod - SEARCH NOT FOUND (ABORTING MOD): <div class="cart"><input type="button" value="<?php echo $button_cart; ?>" onclick="addToCart('<?php echo $product['product_id']; ?>');" class="button" /></div>

----------------------------------------------------------------------


---------- Date: 2015-02-23 17:47:27 ~ IP : 127.0.0.1 ----------
REQUEST URI : /~reebonzindonesia/opencart-1.5.6.1/upload/
MOD DETAILS:
   modFile   : /Users/reebonzindonesia/Sites/opencart-1.5.6.1/upload/vqmod/xml/hide-cart-button.xml
   id        : Hide Cart Button
   version   : 1.0
   vqmver    : 1.0.8
   author    : Ariel Orozco

File Name    : catalog/view/theme/*/template/module/featured.tpl(0)
VQModObject::applyMod - SEARCH NOT FOUND (ABORTING MOD): <div class="cart"><input type="button" value="<?php echo $button_cart; ?>" onclick="addToCart('<?php echo $product['product_id']; ?>');" class="button" /></div>

----------------------------------------------------------------------


---------- Date: 2015-02-23 17:48:34 ~ IP : 127.0.0.1 ----------
REQUEST URI : /~reebonzindonesia/opencart-1.5.6.1/upload/
MOD DETAILS:
   modFile   : /Users/reebonzindonesia/Sites/opencart-1.5.6.1/upload/vqmod/xml/hide-cart-button.xml
   id        : Hide Cart Button
   version   : 1.0
   vqmver    : 1.0.8
   author    : Ariel Orozco

File Name    : catalog/view/theme/*/template/module/featured.tpl(0)
VQModObject::applyMod - SEARCH NOT FOUND (ABORTING MOD): <div class="cart"><input type="button" value="<?php echo $button_cart; ?>" onclick="addToCart('<?php echo $product['product_id']; ?>');" class="button" /></div>
MOD DETAILS:
   modFile   : /Users/reebonzindonesia/Sites/opencart-1.5.6.1/upload/vqmod/xml/Remove-Wishlist-Link-From-Header.xml
   id        : Remove Wishlist Link From Header
   version   : 1.0
   vqmver    : 2.5.0
   author    : keyz

File Name    : catalog/view/theme/*/template/common/header.tpl(0)
VQModObject::applyMod - SEARCH NOT FOUND (SKIPPED): <div id="welcome">
            <?php if (!$logged) { ?>
                <?php echo $text_welcome; ?>
            <?php } else { ?>
                <?php echo $text_logged; ?>
            <?php } ?>
        </div>
----------------------------------------------------------------------


---------- Date: 2015-02-23 17:49:42 ~ IP : 127.0.0.1 ----------
REQUEST URI : /~reebonzindonesia/opencart-1.5.6.1/upload/
MOD DETAILS:
   modFile   : /Users/reebonzindonesia/Sites/opencart-1.5.6.1/upload/vqmod/xml/hide-cart-button.xml
   id        : Hide Cart Button
   version   : 1.0
   vqmver    : 1.0.8
   author    : Ariel Orozco

File Name    : catalog/view/theme/*/template/module/featured.tpl(0)
VQModObject::applyMod - SEARCH NOT FOUND (ABORTING MOD): <div class="cart"><input type="button" value="<?php echo $button_cart; ?>" onclick="addToCart('<?php echo $product['product_id']; ?>');" class="button" /></div>
MOD DETAILS:
   modFile   : /Users/reebonzindonesia/Sites/opencart-1.5.6.1/upload/vqmod/xml/Remove-Wishlist-Link-From-Header.xml
   id        : Remove Wishlist Link From Header
   version   : 1.0
   vqmver    : 2.5.0
   author    : keyz

File Name    : catalog/view/theme/*/template/common/header.tpl(0)
VQModObject::applyMod - SEARCH NOT FOUND (SKIPPED): <div id="welcome"><?php if (!$logged) { ?><?php echo $text_welcome; ?><?php } else { ?><?php echo $text_logged; ?><?php } ?></div>
----------------------------------------------------------------------


---------- Date: 2015-02-23 17:56:12 ~ IP : 127.0.0.1 ----------
REQUEST URI : /~reebonzindonesia/opencart-1.5.6.1/upload/
MOD DETAILS:
   modFile   : /Users/reebonzindonesia/Sites/opencart-1.5.6.1/upload/vqmod/xml/hide-cart-button.xml
   id        : Hide Cart Button
   version   : 1.0
   vqmver    : 1.0.8
   author    : Ariel Orozco

File Name    : catalog/view/theme/*/template/module/featured.tpl(0)
VQModObject::applyMod - SEARCH NOT FOUND (ABORTING MOD): <div class="cart"><a onclick="addToCart('<?php echo $product['product_id']; ?>');" class="button"><span><?php echo $button_cart; ?></span></a></div>
      </div>
MOD DETAILS:
   modFile   : /Users/reebonzindonesia/Sites/opencart-1.5.6.1/upload/vqmod/xml/Remove-Wishlist-Link-From-Header.xml
   id        : Remove Wishlist Link From Header
   version   : 1.0
   vqmver    : 2.5.0
   author    : keyz

File Name    : catalog/view/theme/*/template/common/header.tpl(0)
VQModObject::applyMod - SEARCH NOT FOUND (SKIPPED): <div id="welcome"><?php if (!$logged) { ?><?php echo $text_welcome; ?><?php } else { ?><?php echo $text_logged; ?><?php } ?></div>
----------------------------------------------------------------------


---------- Date: 2015-02-23 17:56:25 ~ IP : 127.0.0.1 ----------
REQUEST URI : /~reebonzindonesia/opencart-1.5.6.1/upload/
MOD DETAILS:
   modFile   : /Users/reebonzindonesia/Sites/opencart-1.5.6.1/upload/vqmod/xml/hide-cart-button.xml
   id        : Hide Cart Button
   version   : 1.0
   vqmver    : 1.0.8
   author    : Ariel Orozco

File Name    : catalog/view/theme/*/template/module/featured.tpl(0)
VQModObject::applyMod - SEARCH NOT FOUND (ABORTING MOD): <div class="cart"><a onclick="addToCart('<?php echo $product['product_id']; ?>');" class="button"><span><?php echo $button_cart; ?></span></a></div>
      </div>

----------------------------------------------------------------------


---------- Date: 2015-02-23 17:58:21 ~ IP : 127.0.0.1 ----------
REQUEST URI : /~reebonzindonesia/opencart-1.5.6.1/upload/
MOD DETAILS:
   modFile   : /Users/reebonzindonesia/Sites/opencart-1.5.6.1/upload/vqmod/xml/Remove-Wishlist-Link-From-Header.xml
   id        : Remove Wishlist Link From Header
   version   : 1.0
   vqmver    : 2.5.0
   author    : keyz

File Name    : catalog/view/theme/*/template/common/header.tpl(0)
VQModObject::applyMod - SEARCH NOT FOUND (SKIPPED): <div id="welcome"><?php if (!$logged) { ?><?php echo $text_welcome; ?><?php } else { ?><?php echo $text_logged; ?><?php } ?></div>
----------------------------------------------------------------------


---------- Date: 2015-02-23 18:00:31 ~ IP : 127.0.0.1 ----------
REQUEST URI : /~reebonzindonesia/opencart-1.5.6.1/upload/
MOD DETAILS:
   modFile   : /Users/reebonzindonesia/Sites/opencart-1.5.6.1/upload/vqmod/xml/Remove-Wishlist-Link-From-Header.xml
   id        : Remove Wishlist Link From Header
   version   : 1.0
   vqmver    : 2.5.0
   author    : keyz

File Name    : catalog/view/theme/*/template/common/header.tpl(0)
VQModObject::applyMod - SEARCH NOT FOUND (SKIPPED): <div id="welcome"><?php if (!$logged) { ?><?php echo $text_welcome; ?><?php } else { ?><?php echo $text_logged; ?><?php } ?></div>
----------------------------------------------------------------------


---------- Date: 2015-02-23 18:33:46 ~ IP : 127.0.0.1 ----------
REQUEST URI : /~reebonzindonesia/opencart-1.5.6.1/upload/index.php?route=information/sitemap
MOD DETAILS:
   modFile   : /Users/reebonzindonesia/Sites/opencart-1.5.6.1/upload/vqmod/xml/Remove-Wishlist-Link-From-Header.xml
   id        : Remove Wishlist Link From Header
   version   : 1.0
   vqmver    : 2.5.0
   author    : keyz

File Name    : catalog/view/theme/*/template/common/header.tpl(0)
VQModObject::applyMod - SEARCH NOT FOUND (SKIPPED): <div id="welcome"><?php if (!$logged) { ?><?php echo $text_welcome; ?><?php } else { ?><?php echo $text_logged; ?><?php } ?></div>
----------------------------------------------------------------------


