---------- Date: 2015-02-25 18:38:49 ~ IP : ::1 ----------
REQUEST URI : /~reebonzindonesia/opencart-1.5.6.1/upload/index.php?route=common/home
MOD DETAILS:
   modFile   : /Users/reebonzindonesia/Sites/opencart-1.5.6.1/upload/vqmod/xml/hide-cart-button.xml
   id        : Hide Cart Button
   version   : 1.0
   vqmver    : 1.0.8
   author    : Ariel Orozco

File Name    : catalog/view/theme/*/template/module/special.tpl(0)
VQModObject::applyMod - SEARCH NOT FOUND (ABORTING MOD): <div class="cart"><input type="button" value="<?php echo $button_cart; ?>" onclick="addToCart('<?php echo $product['product_id']; ?>');" class="button" /></div>

----------------------------------------------------------------------


---------- Date: 2015-02-25 18:39:07 ~ IP : ::1 ----------
REQUEST URI : /~reebonzindonesia/opencart-1.5.6.1/upload/index.php?route=common/home
MOD DETAILS:
   modFile   : /Users/reebonzindonesia/Sites/opencart-1.5.6.1/upload/vqmod/xml/hide-cart-button.xml
   id        : Hide Cart Button
   version   : 1.0
   vqmver    : 1.0.8
   author    : Ariel Orozco

File Name    : catalog/view/theme/*/template/module/special.tpl(0)
VQModObject::applyMod - SEARCH NOT FOUND (ABORTING MOD): <div class="cart"><input type="button" value="<?php echo $button_cart; ?>" onclick="addToCart('<?php echo $product['product_id']; ?>');" class="button" /></div>

----------------------------------------------------------------------


---------- Date: 2015-02-25 18:39:58 ~ IP : ::1 ----------
REQUEST URI : /~reebonzindonesia/opencart-1.5.6.1/upload/index.php?route=product/product&amp;path=20_59&amp;product_id=51
MOD DETAILS:
   modFile   : /Users/reebonzindonesia/Sites/opencart-1.5.6.1/upload/vqmod/xml/hide-cart-button.xml
   id        : Hide Cart Button
   version   : 1.0
   vqmver    : 1.0.8
   author    : Ariel Orozco

File Name    : catalog/view/theme/*/template/module/special.tpl(0)
VQModObject::applyMod - SEARCH NOT FOUND (ABORTING MOD): <div class="cart"><input type="button" value="<?php echo $button_cart; ?>" onclick="addToCart('<?php echo $product['product_id']; ?>');" class="button" /></div>

----------------------------------------------------------------------


---------- Date: 2015-02-25 18:40:49 ~ IP : ::1 ----------
REQUEST URI : /~reebonzindonesia/opencart-1.5.6.1/upload/index.php?route=product/product&amp;path=20_59&amp;product_id=51
MOD DETAILS:
   modFile   : /Users/reebonzindonesia/Sites/opencart-1.5.6.1/upload/vqmod/xml/hide-cart-button.xml
   id        : Hide Cart Button
   version   : 1.0
   vqmver    : 1.0.8
   author    : Ariel Orozco

File Name    : catalog/view/theme/*/template/module/special.tpl(0)
VQModObject::applyMod - SEARCH NOT FOUND (ABORTING MOD): <div class="cart"><input type="button" value="<?php echo $button_cart; ?>" onclick="addToCart('<?php echo $product['product_id']; ?>');" class="button" /></div>

----------------------------------------------------------------------


---------- Date: 2015-02-25 18:41:07 ~ IP : ::1 ----------
REQUEST URI : /~reebonzindonesia/opencart-1.5.6.1/upload/index.php?route=product/category&amp;path=20
MOD DETAILS:
   modFile   : /Users/reebonzindonesia/Sites/opencart-1.5.6.1/upload/vqmod/xml/hide-cart-button.xml
   id        : Hide Cart Button
   version   : 1.0
   vqmver    : 1.0.8
   author    : Ariel Orozco

File Name    : catalog/view/theme/*/template/module/bestseller.tpl(0)
VQModObject::applyMod - SEARCH NOT FOUND (ABORTING MOD): <div class="cart"><input type="button" value="<?php echo $button_cart; ?>" onclick="addToCart('<?php echo $product['product_id']; ?>');" class="button" /></div>

----------------------------------------------------------------------


---------- Date: 2015-02-25 18:42:20 ~ IP : ::1 ----------
REQUEST URI : /~reebonzindonesia/opencart-1.5.6.1/upload/index.php?route=product/category&amp;path=20
MOD DETAILS:
   modFile   : /Users/reebonzindonesia/Sites/opencart-1.5.6.1/upload/vqmod/xml/hide-cart-button.xml
   id        : Hide Cart Button
   version   : 1.0
   vqmver    : 1.0.8
   author    : Ariel Orozco

File Name    : catalog/view/theme/*/template/module/bestseller.tpl(0)
VQModObject::applyMod - SEARCH NOT FOUND (ABORTING MOD): <div class="cart"><input type="button" value="<?php echo $button_cart; ?>" onclick="addToCart('<?php echo $product['product_id']; ?>');" class="button" /></div>

----------------------------------------------------------------------


---------- Date: 2015-02-25 18:42:46 ~ IP : ::1 ----------
REQUEST URI : /~reebonzindonesia/opencart-1.5.6.1/upload/index.php?route=product/category&amp;path=20
MOD DETAILS:
   modFile   : /Users/reebonzindonesia/Sites/opencart-1.5.6.1/upload/vqmod/xml/hide-cart-button.xml
   id        : Hide Cart Button
   version   : 1.0
   vqmver    : 1.0.8
   author    : Ariel Orozco

File Name    : catalog/view/theme/*/template/module/bestseller.tpl(0)
VQModObject::applyMod - SEARCH NOT FOUND (ABORTING MOD): <div class="cart"><input type="button" value="<?php echo $button_cart; ?>" onclick="addToCart('<?php echo $product['product_id']; ?>');" class="button" /></div>

----------------------------------------------------------------------


---------- Date: 2015-02-25 18:43:03 ~ IP : ::1 ----------
REQUEST URI : /~reebonzindonesia/opencart-1.5.6.1/upload/index.php?route=product/category&amp;path=20
MOD DETAILS:
   modFile   : /Users/reebonzindonesia/Sites/opencart-1.5.6.1/upload/vqmod/xml/hide-cart-button.xml
   id        : Hide Cart Button
   version   : 1.0
   vqmver    : 1.0.8
   author    : Ariel Orozco

File Name    : catalog/view/theme/*/template/module/bestseller.tpl(0)
VQModObject::applyMod - SEARCH NOT FOUND (ABORTING MOD): <div class="cart"><input type="button" value="<?php echo $button_cart; ?>" onclick="addToCart('<?php echo $product['product_id']; ?>');" class="button" /></div>

----------------------------------------------------------------------


---------- Date: 2015-02-25 18:45:25 ~ IP : ::1 ----------
REQUEST URI : /~reebonzindonesia/opencart-1.5.6.1/upload/index.php?route=product/category&amp;path=20
MOD DETAILS:
   modFile   : /Users/reebonzindonesia/Sites/opencart-1.5.6.1/upload/vqmod/xml/hide-cart-button.xml
   id        : Hide Cart Button
   version   : 1.0
   vqmver    : 1.0.8
   author    : Ariel Orozco

File Name    : catalog/view/theme/*/template/module/bestseller.tpl(0)
VQModObject::applyMod - SEARCH NOT FOUND (ABORTING MOD): <div class="cart"><input type="button" value="<?php echo $button_cart; ?>" onclick="addToCart('<?php echo $product['product_id']; ?>');" class="button" /></div>

----------------------------------------------------------------------


---------- Date: 2015-02-25 18:46:58 ~ IP : ::1 ----------
REQUEST URI : /~reebonzindonesia/opencart-1.5.6.1/upload/index.php?route=product/category&amp;path=20
MOD DETAILS:
   modFile   : /Users/reebonzindonesia/Sites/opencart-1.5.6.1/upload/vqmod/xml/hide-cart-button.xml
   id        : Hide Cart Button
   version   : 1.0
   vqmver    : 1.0.8
   author    : Ariel Orozco

File Name    : catalog/view/theme/*/template/module/bestseller.tpl(0)
VQModObject::applyMod - SEARCH NOT FOUND (ABORTING MOD): <div class="cart"><input type="button" value="<?php echo $button_cart; ?>" onclick="addToCart('<?php echo $product['product_id']; ?>');" class="button" /></div>

----------------------------------------------------------------------


